[debug] [2023-03-19T23:01:07.309Z] ----------------------------------------------------------------------
[debug] [2023-03-19T23:01:07.311Z] Command:       C:\Program Files\nodejs\node.exe C:\Users\river\AppData\Roaming\npm\node_modules\firebase-tools\lib\bin\firebase.js init
[debug] [2023-03-19T23:01:07.311Z] CLI Version:   11.24.1
[debug] [2023-03-19T23:01:07.311Z] Platform:      win32
[debug] [2023-03-19T23:01:07.311Z] Node Version:  v16.17.1
[debug] [2023-03-19T23:01:07.312Z] Time:          Sun Mar 19 2023 18:01:07 GMT-0500 (hora estándar de Colombia)
[debug] [2023-03-19T23:01:07.312Z] ----------------------------------------------------------------------
[debug] 
[debug] [2023-03-19T23:01:07.319Z] > command requires scopes: ["email","openid","https://www.googleapis.com/auth/cloudplatformprojects.readonly","https://www.googleapis.com/auth/firebase","https://www.googleapis.com/auth/cloud-platform"]
[debug] [2023-03-19T23:01:07.320Z] > authorizing via signed-in user (riverpadilla@gmail.com)
[info] 
     ######## #### ########  ######## ########     ###     ######  ########
     ##        ##  ##     ## ##       ##     ##  ##   ##  ##       ##
     ######    ##  ########  ######   ########  #########  ######  ######
     ##        ##  ##    ##  ##       ##     ## ##     ##       ## ##
     ##       #### ##     ## ######## ########  ##     ##  ######  ########

You're about to initialize a Firebase project in this directory:

  C:\Users\river\OneDrive\Documentos\00. Programing Projects\Argentina Programa\Repositorios\FrontEnd_Portfolio

[info] 
=== Project Setup
[info] 
[info] First, let's associate this project directory with a Firebase project.
[info] You can create multiple project aliases by running firebase use --add, 
[info] but for now we'll just set up a default project.
[info] 
[debug] [2023-03-19T23:01:21.800Z] >>> [apiv2][query] GET https://firebase.googleapis.com/v1beta1/projects pageSize=100
[debug] [2023-03-19T23:01:22.464Z] <<< [apiv2][status] GET https://firebase.googleapis.com/v1beta1/projects 200
[debug] [2023-03-19T23:01:22.464Z] <<< [apiv2][body] GET https://firebase.googleapis.com/v1beta1/projects [omitted]
[info] i  Using project argentina-programa-2022 (Argentina-Programa) 
[info] 
=== Hosting Setup
[info] 
[info] Your public directory is the folder (relative to your project directory) that
[info] will contain Hosting assets to be uploaded with firebase deploy. If you
[info] have a build process for your assets, use your build's output directory.
[info] 
[debug] [2023-03-19T23:03:03.365Z] >>> [apiv2][query] GET https://www.gstatic.com/firebasejs/releases.json [none]
[debug] [2023-03-19T23:03:03.494Z] <<< [apiv2][status] GET https://www.gstatic.com/firebasejs/releases.json 200
[debug] [2023-03-19T23:03:03.494Z] <<< [apiv2][body] GET https://www.gstatic.com/firebasejs/releases.json {"current":{"version":"9.18.0","browserURL":"https://www.gstatic.com/firebasejs/9.18.0/firebase.js","packageURL":"https://www.gstatic.com/firebasejs/9.18.0/firebase.tgz"},"live":{"version":"9.18","browserURL":"https://www.gstatic.com/firebasejs/live/9.18/firebase.js","packageURL":"https://www.gstatic.com/firebasejs/live/9.18/firebase.tgz"},"components":{"analytics":"https://www.gstatic.com/firebasejs/9.18.0/firebase-analytics.js","app":"https://www.gstatic.com/firebasejs/9.18.0/firebase-app.js","app-check":"https://www.gstatic.com/firebasejs/9.18.0/firebase-app-check.js","auth":"https://www.gstatic.com/firebasejs/9.18.0/firebase-auth.js","auth/cordova":"https://www.gstatic.com/firebasejs/9.18.0/firebase-auth/cordova.js","auth/react-native":"https://www.gstatic.com/firebasejs/9.18.0/firebase-auth/react-native.js","functions":"https://www.gstatic.com/firebasejs/9.18.0/firebase-functions.js","firestore":"https://www.gstatic.com/firebasejs/9.18.0/firebase-firestore.js","firestore/lite":"https://www.gstatic.com/firebasejs/9.18.0/firebase-firestore/lite.js","installations":"https://www.gstatic.com/firebasejs/9.18.0/firebase-installations.js","storage":"https://www.gstatic.com/firebasejs/9.18.0/firebase-storage.js","performance":"https://www.gstatic.com/firebasejs/9.18.0/firebase-performance.js","remote-config":"https://www.gstatic.com/firebasejs/9.18.0/firebase-remote-config.js","messaging":"https://www.gstatic.com/firebasejs/9.18.0/firebase-messaging.js","messaging/sw":"https://www.gstatic.com/firebasejs/9.18.0/firebase-messaging/sw.js","database":"https://www.gstatic.com/firebasejs/9.18.0/firebase-database.js","firestore.memory":"https://www.gstatic.com/firebasejs/9.18.0/firebase-firestore.memory.js"}}
[info] i  Skipping write of dist/front-end-portfolio/index.html 
[info] 
[info] i  Detected a .git folder at C:\Users\river\OneDrive\Documentos\00. Programing Projects\Argentina Programa\Repositorios\FrontEnd_Portfolio 
[info] i  Authorizing with GitHub to upload your service account to a GitHub repository's secrets store. 
[info] 
[info] Visit this URL on this device to log in:
[info] https://github.com/login/oauth/authorize?client_id=89cf50f02ac6aaed3484&state=61700111&redirect_uri=http%3A%2F%2Flocalhost%3A9005&scope=read%3Auser%20repo%20public_repo
[info] 
[info] Waiting for authentication...
[debug] [2023-03-19T23:03:11.822Z] >>> [apiv2][query] POST https://github.com/login/oauth/access_token [none]
[debug] [2023-03-19T23:03:11.822Z] >>> [apiv2][body] POST https://github.com/login/oauth/access_token [stream]
[debug] [2023-03-19T23:03:12.178Z] <<< [apiv2][status] POST https://github.com/login/oauth/access_token 200
[debug] [2023-03-19T23:03:12.179Z] <<< [apiv2][body] POST https://github.com/login/oauth/access_token {"access_token":"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","token_type":"bearer","scope":"read:user,repo"}
[debug] [2023-03-19T23:03:12.183Z] >>> [apiv2][query] GET https://api.github.com/user [none]
[debug] [2023-03-19T23:03:12.572Z] <<< [apiv2][status] GET https://api.github.com/user 200
[debug] [2023-03-19T23:03:12.572Z] <<< [apiv2][body] GET https://api.github.com/user {"login":"riverpadilla","id":83137125,"node_id":"MDQ6VXNlcjgzMTM3MTI1","avatar_url":"https://avatars.githubusercontent.com/u/83137125?v=4","gravatar_id":"","url":"https://api.github.com/users/riverpadilla","html_url":"https://github.com/riverpadilla","followers_url":"https://api.github.com/users/riverpadilla/followers","following_url":"https://api.github.com/users/riverpadilla/following{/other_user}","gists_url":"https://api.github.com/users/riverpadilla/gists{/gist_id}","starred_url":"https://api.github.com/users/riverpadilla/starred{/owner}{/repo}","subscriptions_url":"https://api.github.com/users/riverpadilla/subscriptions","organizations_url":"https://api.github.com/users/riverpadilla/orgs","repos_url":"https://api.github.com/users/riverpadilla/repos","events_url":"https://api.github.com/users/riverpadilla/events{/privacy}","received_events_url":"https://api.github.com/users/riverpadilla/received_events","type":"User","site_admin":false,"name":null,"company":null,"blog":"","location":null,"email":null,"hireable":null,"bio":null,"twitter_username":null,"public_repos":5,"public_gists":0,"followers":0,"following":0,"created_at":"2021-04-24T18:40:52Z","updated_at":"2023-03-11T20:59:09Z","private_gists":0,"total_private_repos":7,"owned_private_repos":7,"disk_usage":17204,"collaborators":0,"two_factor_authentication":false,"plan":{"name":"free","space":976562499,"collaborators":0,"private_repos":10000}}
[info] 
[info] +  Success! Logged into GitHub as riverpadilla 
[info] 
[debug] [2023-03-19T23:03:49.468Z] >>> [apiv2][query] GET https://api.github.com/repos/rivernet/FrontEnd_Portfolio/actions/secrets/public-key type=owner
[debug] [2023-03-19T23:03:49.808Z] <<< [apiv2][status] GET https://api.github.com/repos/rivernet/FrontEnd_Portfolio/actions/secrets/public-key 404
[debug] [2023-03-19T23:03:49.808Z] <<< [apiv2][body] GET https://api.github.com/repos/rivernet/FrontEnd_Portfolio/actions/secrets/public-key {"message":"Not Found","documentation_url":"https://docs.github.com/rest/reference/actions#get-a-repository-public-key"}
[debug] [2023-03-19T23:03:55.916Z] >>> [apiv2][query] GET https://api.github.com/repos/rivernet/FrontEnd_Portfolio/actions/secrets/public-key type=owner
[debug] [2023-03-19T23:03:56.222Z] <<< [apiv2][status] GET https://api.github.com/repos/rivernet/FrontEnd_Portfolio/actions/secrets/public-key 404
[debug] [2023-03-19T23:03:56.222Z] <<< [apiv2][body] GET https://api.github.com/repos/rivernet/FrontEnd_Portfolio/actions/secrets/public-key {"message":"Not Found","documentation_url":"https://docs.github.com/rest/reference/actions#get-a-repository-public-key"}
